         1   -10000.00000000026557245292        0.00000000000435583042
         2    -9800.71042412111819430720        0.00000000000462701831
         3    -9601.57911750120729266200        0.00000000000492094990
         4    -9402.76384702968789497390        0.00000000000523978566
         5    -9204.42137824023302528076        0.00000000000558590996
         6    -9006.70698305604855704587        0.00000000000596195564
         7    -8809.77395753340897499584        0.00000000000637083152
         8    -8613.77315275739783828612        0.00000000000681575302
         9    -8418.85252189395578170661        0.00000000000730027634
        10    -8225.15668622033081192058        0.00000000000782833664
        11    -8032.82652274472820863593        0.00000000000840429059
        12    -7841.99877578875475592213        0.00000000000903296393
        13    -7652.80569464735617657425        0.00000000000971970459
        14    -7465.37469916424561233725        0.00000000001047044206
        15    -7279.82807477096775983227        0.00000000001129175371
        16    -7096.28269823900973278796        0.00000000001219093895
        17    -6914.84979509131699160207        0.00000000001317610215
        18    -6735.63472931656997388927        0.00000000001425624543
        19    -6558.73682573067344492301        0.00000000001544137241
        20    -6384.24922503919879090972        0.00000000001674260437
        21    -6212.25877137543557182653        0.00000000001817231025
        22    -6042.84593182455319038127        0.00000000001974425221
        23    -5876.08474719794867269229        0.00000000002147374865
        24    -5712.04281309538237110246        0.00000000002337785677
        25    -5550.78129008809719380224        0.00000000002547557715
        26    -5392.35494167490469408222        0.00000000002778808300
        27    -5236.81219850638262869325        0.00000000003033897705
        28    -5084.19524724021994188661        0.00000000003315457961
        29    -4934.54014228351115889382        0.00000000003626425146
        30    -4787.87693859504815918626        0.00000000003970075606
        31    -4644.22984366180389770307        0.00000000004350066575
        32    -4503.61738672772480640560        0.00000000004770481742
        33    -4366.05260333858677768148        0.00000000005235882385
        34    -4231.54323327227393747307        0.00000000005751364750
        35    -4100.09192994804107001983        0.00000000006322624447
        36    -3971.69647944913458559313        0.00000000006956028743
        37    -3846.35002734876070462633        0.00000000007658697727
        38    -3724.04131159800135719706        0.00000000008438595436
        39    -3604.75489981368900771486        0.00000000009304632203
        40    -3488.47142939300874786568        0.00000000010266779602
        41    -3375.16784897733805337339        0.00000000011336199569
        42    -3264.81765988927963917376        0.00000000012525389458
        43    -3157.39115627204637348768        0.00000000013848345029
        44    -3052.85566276784084038809        0.00000000015320743585
        45    -2951.17576868033529535751        0.00000000016960149801
        46    -2852.31355767436434689444        0.00000000018786247047
        47    -2756.22883217251364840195        0.00000000020821097426
        48    -2662.87933171229133222369        0.00000000023089434086
        49    -2572.22094462830045813462        0.00000000025618989867
        50    -2484.20791252047001762548        0.00000000028440866830
        51    -2398.79302706137923451024        0.00000000031589951776
        52    -2315.92781878271125606261        0.00000000035105383540
        53    -2235.56273756226482873899        0.00000000039031078539
        54    -2157.64732460885625187075        0.00000000043416321895
        55    -2082.13037581243042950518        0.00000000048316432351
        56    -2008.96009639086446441070        0.00000000053793510275
        57    -1938.08424682326494803419        0.00000000059917279166
        58    -1869.45028011215185870242        0.00000000066766032432
        59    -1803.00547046385599969653        0.00000000074427698686
        60    -1738.69703351803923396801        0.00000000083001040453
        61    -1676.47223829355584712175        0.00000000092597003108
        62    -1616.27851104930641668034        0.00000000103340232942
        63    -1558.06353128551859299478        0.00000000115370785673
        64    -1501.77532013322615966899        0.00000000128846049394
        65    -1447.36232139806952545769        0.00000000143942909004
        66    -1394.77347553917320510664        0.00000000160860182558
        67    -1343.95828687489211006323        0.00000000179821363845
        68    -1294.86688431531638343586        0.00000000201077709837
        69    -1247.45007592651313643728        0.00000000224911716538
        70    -1201.65939763416940877505        0.00000000251641032265
        71    -1157.44715637453555245884        0.00000000281622863617
        72    -1114.76646799903278406418        0.00000000315258936363
        73    -1073.57129023531501843536        0.00000000353001081375
        74    -1033.81645100275090953801        0.00000000395357524606
        75     -995.45767237395250504051        0.00000000442899970116
        76     -958.45159046661569846037        0.00000000496271576442
        77     -922.75577154169229743275        0.00000000556195939290
        78     -888.32872457484529604699        0.00000000623487207882
        79     -855.12991055854615751741        0.00000000699061478381
        80     -823.11974878203579919500        0.00000000783949626064
        81     -792.25962032602774343104        0.00000000879311758345
        82     -762.51186899841320609994        0.00000000986453493903
        83     -733.83979992639183365100        0.00000001106844299163
        84     -706.20767600983492684463        0.00000001242138142730
        85     -679.58071242985295157268        0.00000001394196761445
        86     -653.92506939600207260810        0.00000001565115868986
        87     -629.20784330509889059613        0.00000001757254679940
        88     -605.39705647443940961239        0.00000001973269169609
        89     -582.46164560221757255931        0.00000002216149543168
        90     -560.37144909834273676097        0.00000002489262447912
        91     -539.09719341940058257023        0.00000002796398530141
        92     -518.61047853266779839032        0.00000003141826014571
        93     -498.88376262523979676189        0.00000003530351070341
        94     -479.89034616621722761920        0.00000003967385824677
        95     -461.60435542184632140561        0.00000004459024994735
        96     -444.00072551606427850857        0.00000005012132231433
        97     -427.05518312162320171410        0.00000005634437408122
        98     -410.74422886031209145585        0.00000006334646243636
        99     -395.04511948417655275989        0.00000007122563825906
       100     -379.93584990373005894071        0.00000008009233801476
       101     -365.39513512330694311459        0.00000009007095220720
       102     -351.40239213840357024310        0.00000010130159281628
       103     -337.93772184473777997482        0.00000011394208500329
       104     -324.98189100405204499111        0.00000012817021158145
       105     -312.51631430727780980305        0.00000014418624237553
       106     -300.52303657149894888789        0.00000016221578468251
       107     -288.98471510334644563045        0.00000018251299565390
       108     -277.88460225781051349259        0.00000020536420261687
       109     -267.20652821826701028840        0.00000023109198320976
       110     -256.93488402019499972084        0.00000026005976381359
       111     -247.05460483851700814739        0.00000029267700220886
       112     -237.55115355555204814664        0.00000032940502878541
       113     -228.41050462437362966739        0.00000037076363010227
       114     -219.61912824001561261866        0.00000041733846927250
       115     -211.16397482890715764370        0.00000046978944968867
       116     -203.03245986516861876225        0.00000052886014218192
       117     -195.21244902044432478760        0.00000059538841102023
       118     -187.69224365263727349884        0.00000067031839141728
       119     -180.46056663730786340238        0.00000075471399069741
       120     -173.50654854423248707462        0.00000084977410722344
       121     -166.81971416049793788261        0.00000095684978596261
       122     -160.38996936037764839966        0.00000107746355750166
       123     -154.20758832133950022580        0.00000121333123882963
       124     -148.26320108458676827468        0.00000136638650974776
       125     -142.54778145788591814380        0.00000153880861885030
       126     -137.05263525762151743947        0.00000173305361824195
       127     -131.76938888653521075867        0.00000195188957716300
       128     -126.68997824294513065979        0.00000219843628224051
       129     -121.80663795690112749526        0.00000247620999699597
       130     -117.11189094818897160621        0.00000278917392648374
       131     -112.59853830088978554613        0.00000314179511555767
       132     -108.25964944872312401003        0.00000353910860250388
       133     -104.08855266535130112970        0.00000398678975496036
       134     -100.07882585339942238534        0.00000449123583376114
       135      -96.22428762595366436017        0.00000505965796427763
       136      -92.51898867403468784687        0.00000570018484600313
       137      -88.95720341349324655766        0.00000642197970171916
       138      -85.53342190470412731429        0.00000723537216012017
       139      -82.24234203834674872269        0.00000815200698309787
       140      -79.07886198057275350948        0.00000918501179417917
       141      -76.03807287081379229221        0.00001034918624152302
       142      -73.11525176555844041104        0.00001166121534145386
       143      -70.30585482136707753398        0.00001313991010144623
       144      -67.60551071054804594951        0.00001480647891988002
       145      -65.01001426288372897488        0.00001668483370981206
       146      -62.51532032691432760885        0.00001880193520200978
       147      -60.11753784435768466210        0.00002118818245618869
       148      -57.81292413136853269862        0.00002387785225725885
       149      -55.59787936035731803486        0.00002690959480522379
       150      -53.46894123626645267677        0.00003032699293387918
       151      -51.42277986133935741009        0.00003417919302706167
       152      -49.45619278240555871662        0.00003852161685616403
       153      -47.56610021498254070593        0.00004341676475407650
       154      -45.74954043849741225358        0.00004893512188733894
       155      -44.00366535714766058618        0.00005515618090952146
       156      -42.32573622096834498052        0.00006216959599830654
       157      -40.71311950187590156247        0.00007007648522153396
       158      -39.16328291954553009191        0.00007899090037352754
       159      -37.67379161211010796251        0.00008904148590512362
       160      -36.24230444683377783122        0.00010037335137620272
       161      -34.86657046599695775058        0.00011315018503121558
       162      -33.54442546342568931550        0.00012755663968283318
       163      -32.27378868713169879356        0.00014380102614256599
       164      -31.05265966376493125267        0.00016211835401815273
       165      -29.87911514061677209497        0.00018277376487817388
       166      -28.75130614110221571877        0.00020606640863929829
       167      -27.66745512971565545968        0.00023233382065180146
       168      -26.62585328264049167046        0.00026195686443996566
       169      -25.62485786025262868293        0.00029536531351117781
       170      -24.66288967789225949900        0.00033304415520320305
       171      -23.73843067140160556505        0.00037554071033467633
       172      -22.85002155408496804512        0.00042347267461415549
       173      -21.99625956169305851517        0.00047753720153666284
       174      -21.17579628237110611622        0.00053852116202195263
       175      -20.38733556844353600468        0.00060731273357642708
       176      -19.62963152703354907658        0.00068491449150948221
       177      -18.90148658671569847911        0.00077245819696281743
       178      -18.20174963735959039468        0.00087122150153407538
       179      -17.52931424052045628059        0.00098264681636482231
       180      -16.88311690775901752204        0.00110836262508099337
       181      -16.26213544441282365938        0.00125020755523770947
       182      -15.66538735639135104805        0.00141025756230635626
       183      -15.09192831765249565024        0.00159085662408532820
       184      -14.54085069610810165841        0.00179465139204329190
       185      -14.01128213581379000630        0.00202463029978132208
       186      -13.50238419332835348996        0.00228416768775079656
       187      -13.01335102619014882919        0.00257707356762018700
       188      -12.54340813162218459809        0.00290764971901579222
       189      -12.09181113353881187322        0.00328075288543704102
       190      -11.65784461604560640069        0.00370186591387807124
       191      -11.24082100171405862454        0.00417717776253252304
       192      -10.84007947290150930542        0.00471367338054165096
       193      -10.45498493453000321551        0.00531923453910814522
       194      -10.08492701673772451443        0.00600275275926406403
       195       -9.72931911590104725462        0.00677425553021915663
       196       -9.38759747257520871244        0.00764504703279534834
       197       -9.05922028495040265739        0.00862786456000090747
       198       -8.74366685647788699498        0.00973705174086755831
       199       -8.44043677637281142268        0.01098874949670417683
       200       -8.14904913171717559806        0.01240110535420141206
       201       -7.86904175000283245822        0.01399450125799559137
       202       -7.59997047090899524591        0.01579179930343275681
       203       -7.34140844622411670173        0.01781860376431695231
       204       -7.09294546684644267032        0.02010353631538002936
       205       -6.85418731578423123807        0.02267851931219388995
       206       -6.62475514620537975219        0.02557905922639571936
       207       -6.40428488356957359429        0.02884451864589398715
       208       -6.19242665087937993462        0.03251836040826622948
       209       -5.98884421623437734894        0.03664834118485835179
       210       -5.79321446175470367024        0.04128662392089228750
       211       -5.60522687311473699623        0.04648976872947837430
       212       -5.42458304885210029767        0.05231855001454822213
       213       -5.25099622873153659697        0.05883753382452298897
       214       -5.08419084038548341198        0.06611433415479690823
       215       -4.92390206354195836269        0.07421845112990338444
       216       -4.76987541122033231744        0.08321957960087469908
       217       -4.62186632711125788830        0.09318526683388118903
       218       -4.47963979867561334913        0.10417779733779133911
       219       -4.34296998519983556974        0.11625019813906696531
       220       -4.21163986036691539994        0.12944129732684594991
       221       -4.08544086867812694663        0.14376984213348154018
       222       -3.96417259525145482257        0.15922779919815246985
       223       -3.84764244844723801720        0.17577312443035023048
       224       -3.73566535485478024015        0.19332249994914568747
       225       -3.62806346613038677162        0.21174477346963851976
       226       -3.52466587723835722556        0.23085606375765324594
       227       -3.42530835566532054770        0.25041765486141942532
       228       -3.32983308117496701328        0.27013781566547778734
       229       -3.23808839568135020670        0.28967847408719266111
       230       -3.14992856286886979689        0.30866719988670932029
       231       -3.06521353717594813304        0.32671422190623555792
       232       -2.98380874176940968923        0.34343332661371189785
       233       -2.90558485515766440344        0.35846464093234509107
       234       -2.83041760613963155890        0.37149672117522719583
       235       -2.75818757672085368426        0.38228524636493127487
       236       -2.68878001272150068957        0.39066603096740598611
       237       -2.62208464175765154636        0.39656095470775631906
       238       -2.55799549831834704960        0.39997654051313757950
       239       -2.49641075566642189898        0.40099601468459522557
       240       -2.43723256428782342198        0.39976650730397400579
       241       -2.38036689662409539636        0.39648345554321828832
       242       -2.32572339790042459384        0.39137425154004878980
       243       -2.27321524271843822262        0.38468283000552166984
       244       -2.22275899727942860551        0.37665636966340088065
       245       -2.17427448696603420331        0.36753473289870591811
       246       -2.12768466908810793825        0.35754279476787098613
       247       -2.08291551059628154974        0.34688546898425642873
       248       -2.03989587056563337342        0.33574503329278393426
       249       -1.99855738726518206150        0.32428026980985841243
       250       -1.95883436961782209096        0.31262693489618942344
       251       -1.92066369293082228609        0.30089912473111601887
       252       -1.88398469865154050140        0.28919117944298894374
       253       -1.84873909806622238605        0.27757985116450867302
       254       -1.81487087974538274793        0.26612653778281780692
       255       -1.78232622061033785243        0.25487944875371282283
       256       -1.75105340044215651574        0.24387562029169501665
       257       -1.72100271976975860433        0.23314273527009152231
       258       -1.69212642093401033350        0.22270072995217982115
       259       -1.66437861224122629622        0.21256318762204540196
       260       -1.63771519507398366500        0.20273853030712887802
       261       -1.61209379385488849046        0.19323102603428793378
       262       -1.58747368874341421296        0.18404163190648614723
       263       -1.56381575095146341248        0.17516869390639230875
       264       -1.54108238059218027871        0.16660852357506014676
       265       -1.51923744695433216023        0.15835587014841676079
       266       -1.49824623111345123228        0.15040430480195834950
       267       -1.47807537077094863776        0.14274653158960420862
       268       -1.45869280725681416122        0.13537463766847704361
       269       -1.44006773460931380981        0.12828029352154493581
       270       -1.42217055061734298782        0.12145491219413225015
       271       -1.40497280980878835877        0.11488977511503911666
       272       -1.38844717824391139516        0.10857613074405801645
       273       -1.37256739010487316399        0.10250527124466225770
       274       -1.35730820594042156380        0.09666859140714338661
       275       -1.34264537259126726099        0.09105763333816190019
       276       -1.32855558463074996389        0.08566411971685840288
       277       -1.31501644735631173511        0.08047997796276890048
       278       -1.30200644118635899815        0.07549735715377013656
       279       -1.28950488748360370117        0.07070863923690949571
       280       -1.27749191568610198644        0.06610644572786364415
       281       -1.26594843174044058287        0.06168364089880188500
       282       -1.25485608775159351858        0.05743333222920104369
       283       -1.24419725283723714426        0.05334886876430179614
       284       -1.23395498510326828701        0.04942383787078716978
       285       -1.22411300473385975529        0.04565206080522440923
       286       -1.21465566810503222683        0.04202758739505373792
       287       -1.20556794292839630778        0.03854469010211155483
       288       -1.19683538437844494418        0.03519785766417891926
       289       -1.18844411211569678244        0.03198178845085552363
       290       -1.18038078824565340064        0.02889138368414064309
       291       -1.17263259611144210481        0.02592174059173765754
       292       -1.16518721992236540252        0.02306814557877510941
       293       -1.15803282520281292101        0.02032606747901245792
       294       -1.15115803995940946258        0.01769115089921340089
       295       -1.14455193661857168586        0.01515920971820950564
       296       -1.13820401466342979724        0.01272622074597873874
       297       -1.13210418393347644894        0.01038831755413816525
       298       -1.12624274860804018950        0.00814178450575374184
       299       -1.12061039177478027895        0.00598305096197674323
       300       -1.11519816063759913405        0.00390868569824010838
       301       -1.10999745228182566947        0.00191539150767215541
       302       -1.10500000000000020428        0.00000000000000000000
       303       -1.10000144315916648097       -0.00219220453946202291
       304       -1.09479958531982868308       -0.00447357017449650715
       305       -1.08938615794738202780       -0.00684772255426753258
       306       -1.08375255622570176861       -0.00931843342587933103
       307       -1.07788982537990385424       -0.01188962534180302601
       308       -1.07178864643838189785       -0.01456537598591406413
       309       -1.06543932143745112562       -0.01734992189023252043
       310       -1.05883175798643303089       -0.02024766128257610154
       311       -1.05195545324758632511       -0.02326315565689912254
       312       -1.04479947723206767485       -0.02640112961268851338
       313       -1.03735245543301335402       -0.02966646831450080180
       314       -1.02960255075910489531       -0.03306421176781711851
       315       -1.02153744469755380919       -0.03659954489567163877
       316       -1.01314431775869384644       -0.04027778206209126771
       317       -1.00440982910002607476       -0.04410434440095595265
       318       -0.99532009531417475756       -0.04808472782948285118
       319       -0.98586066838297381487       -0.05222445907189577491
       320       -0.97601651269553113544       -0.05652903639358070748
       321       -0.96577198117024398716       -0.06100385086502867898
       322       -0.95511079039304891403       -0.06565408304055934952
       323       -0.94401599472526953605       -0.07048456873437512760
       324       -0.93246995938772736512       -0.07549962615670254007
       325       -0.92045433243006324897       -0.08070283509925708920
       326       -0.90795001557861176877       -0.08609675699928351356
       327       -0.89493713387954954008       -0.09168258276153529174
       328       -0.88139500412510451977       -0.09745969314635434533
       329       -0.86730210197733026423       -0.10342511465517041647
       330       -0.85263602778389269155       -0.10957285235142813495
       331       -0.83737347096706238325       -0.11589308059486698455
       332       -0.82149017300701032696       -0.12237117380408162048
       333       -0.80496088887394867672       -0.12898656341591557828
       334       -0.78775934694465177266       -0.13571141539037057111
       335       -0.76985820723791220654       -0.14250913714079116446
       336       -0.75122901799447272531       -0.14933274564526929917
       337       -0.73184217046041755150       -0.15612316249878027685
       338       -0.71166685186514233585       -0.16280754866679564286
       339       -0.69067099645288776433       -0.16929785274339853585
       340       -0.66882123455118247524       -0.17548981939883079306
       341       -0.64608283956182854801       -0.18126278264583722821
       342       -0.62241967278782328599       -0.18648063714554755088
       343       -0.59779412603181758534       -0.19099441660131658005
       344       -0.57216706185729637735       -0.19464687901528796021
       345       -0.54549775142365375391       -0.19727936759739070349
       346       -0.51774380978745859760       -0.19874095376795808399
       347       -0.48886112858441577167       -0.19889946999477564615
       348       -0.45880380597765568762       -0.19765354534909126971
       349       -0.42752407375243484111       -0.19494426415042551137
       350       -0.39497222145287624873       -0.19076472681032827228
       351       -0.36109651742861759161       -0.18516576199807047165
       352       -0.32584312670475990004       -0.17825642567428479079
       353       -0.28915602547192420513       -0.17019870900097938682
       354       -0.25097691213312611769       -0.16119689849259574710
       355       -0.21124511472870322049       -0.15148301452291154656
       356       -0.16989749461382441797       -0.14130041780313434829
       357       -0.12686834619205256125       -0.13088784282428475580
       358       -0.08208929262279318628       -0.12046578875113564400
       359       -0.03548917725724365368       -0.11022652390601950234
       360        0.01300604931707671774       -0.10032816895678708935
       361        0.06347344681863154037       -0.09089262733554993867
       362        0.11599320758533049336       -0.08200665867804318721
       363        0.17064878385678805550       -0.07372517455322656621
       364        0.22752702022191129139       -0.06607583448138848459
       365        0.28671829142612526020       -0.05906415855767115780
       366        0.34831664581027288463       -0.05267857420770477583
       367        0.41241995451553936647       -0.04689502037955380759
       368        0.47913006678528557991       -0.04168090823732947120
       369        0.54855297155143722954       -0.03699836929178339923
       370        0.62079896557080460617       -0.03280680967947391391
       371        0.69598282838669556227       -0.02906484014298478871
       372        0.77422400438785965449       -0.02573167470046068897
       373        0.85564679224234829746       -0.02276809613243983149
       374        0.94038054202496001999       -0.02013708064598904515
       375        1.02855986031363699773       -0.01780416276852472487
       376        1.12032482362344620874       -0.01573760821573734828
       377        1.21582120048127406697       -0.01390844931335754285
       378        1.31520068249320742915       -0.01229042565214652494
       379        1.41862112477768165242       -0.01085986250394022773
       380        1.52624679614746550094       -0.00959551120844720842
       381        1.63824863941244625032       -0.00847836912940069971
       382        1.75480454222514503648       -0.00749149165058905601
       383        1.87609961890200360735       -0.00661980478774577309
       384        2.00232650365013853389       -0.00584992408901834765
       385        2.13368565564814804958       -0.00516998337094175860
       386        2.27038567649061917564       -0.00456947530912909551
       387        2.41264364046267409947       -0.00403910482817649436
       388        2.56068543819419236485       -0.00357065549680003974
       389        2.71474613416780474751       -0.00315686864406257124
       390        2.87507033874577722088       -0.00279133460070162204
       391        3.04191259515657552726       -0.00246839528697969431
       392        3.21553778220393038367       -0.00218305727389058552
       393        3.39622153316363029063       -0.00193091441314081837
       394        3.58425067165194466412       -0.00170807913948038247
       395        3.77992366508526256297       -0.00151112158453401736
       396        3.98355109642045590590       -0.00133701569216013129
       397        4.19545615495432855369       -0.00118309158490173018
       398        4.41597514690276771177       -0.00104699349432129849
       399        4.64545802659456352757       -0.00092664263124259127
       400        4.88426894903939690096       -0.00082020443331967739
       401        5.13278684480377300758       -0.00072605968525940047
       402        5.39140601801101926327       -0.00064277906103630156
       403        5.66053676842911812628       -0.00056910068688286624
       404        5.94060603861349623145       -0.00050391036888736140
       405        6.23205808705521935309       -0.00044622416968311202
       406        6.53535518841384543975       -0.00039517305516295436
       407        6.85097836190087861041       -0.00034998936476088370
       408        7.17942812890417059180       -0.00030999488785273633
       409        7.52122530105912012743       -0.00027459035456936601
       410        7.87691179992696355328       -0.00024324617213762926
       411        8.24705150955707466665       -0.00021549425801643178
       412        8.63223116322680006363       -0.00019092083889965086
       413        9.03306126570460499181       -0.00016916010035197970
       414        9.45017705243997063747       -0.00014988858567088374
       415        9.88423948713239397534       -0.00013282025474240633
       416       10.33593629918178713467       -0.00011770212437169071
       417       10.80598306260695729009       -0.00010431042099205520
       418       11.29512431801885696814       -0.00009244718494645137
       419       11.80413473937849744289       -0.00008193727281998664
       420       12.33382034725839204725       -0.00007262571071252594
       421       12.88501977041622481579       -0.00006437535697317637
       422       13.45860555760834564865       -0.00005706483787180132
       423       14.05548554153176965542       -0.00005058672404084816
       424       14.67660425694771575422       -0.00004484591935019207
       425       15.32294441510190097233       -0.00003975823724825513
       426       15.99552843658675627125       -0.00003524914256777093
       427       16.69542004489849063020       -0.00003125263940277177
       428       17.42372592303177825102       -0.00002771028795924623
       429       18.18159743554047125258       -0.00002457033530295606
       430       18.97023241854255459771       -0.00002178694670744692
       431       19.79087704028757599417       -0.00001931952587203861
       432       20.64482773493140044252       -0.00001713211366016295
       433       21.53343321236075880165       -0.00001519285622419344
       434       22.45809654687009171425       -0.00001347353445503692
       435       23.42027734769310498564       -0.00001194914763903967
       436       24.42149401451682777520       -0.00001059754503763941
       437       25.46332608103944039613       -0.00000939909983984382
       438       26.54741664997062500220       -0.00000833642058495503
       439       27.67547492281877907772       -0.00000739409572468399
       440       28.84927882796826636991       -0.00000655846749789489
       441       30.07067775067307735526       -0.00000581743173619770
       442       31.34159536872764206805       -0.00000516026061139507
       443       32.66403259763549726813       -0.00000457744568260970
       444       34.04007064928190118280       -0.00000406055890709247
       445       35.47187420818325165328       -0.00000360212954919523
       446       36.96169472957576118688       -0.00000319553516086213
       447       38.51187386364279063855       -0.00000283490501809010
       448       40.12484701041542223265       -0.00000251503458427369
       449       41.80314700991422682819       -0.00000223130973620308
       450       43.54940797229680526925       -0.00000197963963414996
       451       45.36636925285873900293       -0.00000175639724627645
       452       47.25687957690126239640       -0.00000155836665146301
       453       49.22390131960985826254       -0.00000138269634534317
       454       51.27051494617461457892       -0.00000122685786338448
       455       53.39992361758638139690       -0.00000108860911360877
       456       55.61545796759046567104       -0.00000096596188122482
       457       57.92058105649623200861       -0.00000085715302907788
       458       60.31889350754303791291       -0.00000076061897236609
       459       62.81413883180069035461       -0.00000067497305432461
       460       65.41020894757026837851       -0.00000059898549229552
       461       68.11114990038880989687       -0.00000053156560139931
       462       70.92116778991930914344       -0.00000047174603648185
       463       73.84463491002355794990       -0.00000041866882263342
       464       76.88609610844157771226       -0.00000037157297079843
       465       80.05027537257063841025       -0.00000032978349821190
       466       83.34208264795718434925       -0.00000029270169395762
       467       86.76662089607943073588       -0.00000025979648814905
       468       90.32919339815364878632       -0.00000023059679935613
       469       94.03531131163624934288       -0.00000020468474918139
       470       97.89070148617042832484       -0.00000018168964553671
       471      101.90131454567810465051       -0.00000016128264737551
       472      106.07333324331058577172       -0.00000014317203356011
       473      110.41318109588310392155       -0.00000012709900733642
       474      114.92753130434785191483       -0.00000011283397567810
       475      119.62331596680968459623       -0.00000010017324966399
       476      124.50773559032369064425       -0.00000008893611816860
       477      129.58826890772147066855       -0.00000007896225256435
       478      134.87268300528958775431       -0.00000007010940493658
       479      140.36904376707329333840       -0.00000006225136656818
       480      146.08572664110045025154       -0.00000005527615722245
       481      152.03142773261347997504       -0.00000004908441909547
       482      158.21517522885474704708       -0.00000004358799227244
       483      164.64634115961081306523       -0.00000003870865114842
       484      171.33465349705804214864       -0.00000003437698360190
       485      178.29020859797134335167       -0.00000003053139677321
       486      185.52348399054184824308       -0.00000002711723512920
       487      193.04535150740264271008       -0.00000002408599811704
       488      200.86709076551332486815       -0.00000002139464614801
       489      209.00040299265643284343       -0.00000001900498492666
       490      217.45742519917064328183       -0.00000001688311927093
       491      226.25074469242312602546       -0.00000001499896857067
       492      235.39341393025921433946       -0.00000001332583692055
       493      244.89896570806240561069       -0.00000001184003175123
       494      254.78142867274752347839       -0.00000001052052548095
       495      265.05534315505371978361       -0.00000000934865532924
       496      275.73577730975267741087       -0.00000000830785698383
       497      286.83834355132773907826       -0.00000000738342829885
       498      298.37921527032739277274       -0.00000000656231963415
       499      310.37514381340008640109       -0.00000000583294782921
       500      322.84347570707353725084       -0.00000000518503114423
       501      335.80217010279790201821       -0.00000000460944280270
       502      349.26981641744896478485       -0.00000000409808103686
       503      363.26565214029949402175       -0.00000000364375377436
       504      377.80958077381990278809       -0.00000000324007631496
       505      392.92218987186032563841       -0.00000000288138053206
       506      408.62476913459045135824       -0.00000000256263429979
       507      424.93932851515899074002       -0.00000000227936999257
       508      441.88861628833359418422       -0.00000000202762103455
       509      459.49613702626174926991       -0.00000000180386559154
       510      477.78616942118952692908       -0.00000000160497660042
       511      496.78378388912955188061       -0.00000000142817742196
       512      516.51485988256263226504       -0.00000000127100248338
       513      537.00610283363641883625       -0.00000000113126234864
       514      558.28506064266900921211       -0.00000000100701271754
       515      580.38013961948456653772       -0.00000000089652691132
       516      603.32061977766522886668       -0.00000000079827145206
       517      627.13666937374978260777       -0.00000000071088438749
       518      651.85935857529284476186       -0.00000000063315605220
       519      677.52067213284703939280       -0.00000000056401199103
       520      704.15352092209582224314       -0.00000000050249780116
       521      731.79175221290302033594       -0.00000000044776567712
       522      760.47015851245305384509       -0.00000000039906246703
       523      790.22448481964624988905       -0.00000000035571907012
       524      821.09143411774607557163       -0.00000000031714102462
       525      853.10867092179967130505       -0.00000000028280015215
       526      886.31482268681759251194       -0.00000000025222713982
       527      920.74947887186283423944       -0.00000000022500495467
       528      956.45318744457483717269       -0.00000000020076299677
       529      993.46744859981993158726       -0.00000000017917190806
       530     1031.83470545553927877336       -0.00000000015993896326
       531     1071.59833147851441026432       -0.00000000014280397734
       532     1112.80261438263573836593       -0.00000000012753567165
       533     1155.49273623266867616621       -0.00000000011392844713
       534     1199.71474947742512995319       -0.00000000010179951894
       535     1245.51554862802640855080       -0.00000000009098637190
       536     1292.94283728955360857071       -0.00000000008134450072
       537     1342.04509024806407069264       -0.00000000007274540312
       538     1392.87151031010921542475       -0.00000000006507479744
       539     1445.47197958832816766517       -0.00000000005823103951
       540     1499.89700492514498364471       -0.00000000005212371658
       541     1556.19765714684035629034       -0.00000000004667239828
       542     1614.42550384295191179262       -0.00000000004180552713
       543     1674.63253537104560564330       -0.00000000003745943294
       544     1736.87108379500227783865       -0.00000000003357745720
       545     1801.19373447600150939252       -0.00000000003010917518
       546     1867.65323005002460377000       -0.00000000002700970475
       547     1936.30236654404166074528       -0.00000000002423909225
       548     2007.19388140541082066193       -0.00000000002176176683
       549     2080.38033324578100291546       -0.00000000001954605545
       550     2155.91397313225661491742       -0.00000000001756375200
       551     2233.84660729487131902715       -0.00000000001578973422
       552     2314.22945116103983309586       -0.00000000001420162334
       553     2397.11297467457097809529       -0.00000000001277948141
       554     2482.54673890945286984788       -0.00000000001150554238
       555     2570.57922404693863427383       -0.00000000001036397292
       556     2661.25764884864292980637       -0.00000000000934065983
       557     2754.62778182836063933792       -0.00000000000842302101
       558     2850.73374440124325701618       -0.00000000000759983734
       559     2949.61780637037827546010       -0.00000000000686110320
       560     3051.32017419782550859964       -0.00000000000619789353
       561     3155.87877259918604977429       -0.00000000000560224559
       562     3263.32902009741746951477       -0.00000000000506705369
       563     3373.70359927236904695746       -0.00000000000458597571
       564     3487.03222254654747302993       -0.00000000000415334977
       565     3603.34139445420487390948       -0.00000000000376412016
       566     3722.65417144887760514393       -0.00000000000341377139
       567     3844.98992041298788535642       -0.00000000000309826954
       568     3970.36407714063716412056       -0.00000000000281400999
       569     4098.78790616993228468345       -0.00000000000255777097
       570     4230.26826344266100932145       -0.00000000000232667208
       571     4364.80736336490826943191       -0.00000000000211813750
       572     4502.40255193094708374701       -0.00000000000192986312
       573     4643.04608765221473731799       -0.00000000000175978727
       574     4786.72493210176071443129       -0.00000000000160606473
       575     4933.42055194022304931423       -0.00000000000146704348
       576     5083.10873433018423384055       -0.00000000000134124400
       577     5235.75941766997129889205       -0.00000000000122734088
       578     5391.33653958358354429947       -0.00000000000112414635
       579     5549.79790408905410004081       -0.00000000000103059564
       580     5711.09506983144638070371       -0.00000000000094573391
       581     5875.17326120787856780225       -0.00000000000086870462
       582     6041.97130412912611063803       -0.00000000000079873912
       583     6211.42158805515282438137       -0.00000000000073514737
       584     6383.45005580973338510375       -0.00000000000067730968
       585     6557.97622252250585006550       -0.00000000000062466930
       586     6734.91322486550689063733       -0.00000000000057672587
       587     6914.16790154679620172828       -0.00000000000053302947
       588     7095.64090579725598217919       -0.00000000000049317542
       589     7279.22685034019286831608       -0.00000000000045679955
       590     7464.81448506910328433150       -0.00000000000042357399
       591     7652.28690737988108594436       -0.00000000000039320346
       592     7841.52180481291179603431       -0.00000000000036542188
       593     8032.39172936158593074651       -0.00000000000033998936
       594     8224.76440250063569692429       -0.00000000000031668957
       595     8418.50304968461387034040       -0.00000000000029532728
       596     8613.46676276806283567566       -0.00000000000027572625
       597     8809.51088850889573222958       -0.00000000000025772728
       598     9006.48744103991157317068       -0.00000000000024118651
       599     9204.24553593424934661016       -0.00000000000022597386
       600     9402.63184325346446712501       -0.00000000000021197165
       601     9601.49105675546343263704       -0.00000000000019907339
       602     9800.66637625756084162276       -0.00000000000018718260
       603    10000.00000000026739144232       -0.00000000000017621190
